make.exe all --print-data-base --no-builtin-variables --no-builtin-rules --question
# GNU Make 3.82
# Built for i686-pc-mingw32
# Copyright (C) 2010  Free Software Foundation, Inc.
# License GPLv3+: GNU GPL version 3 or later <http://gnu.org/licenses/gpl.html>
# This is free software: you are free to change and redistribute it.
# There is NO WARRANTY, to the extent permitted by law.
 

# Make data base, printed on Wed May 18 11:46:49 2022

# Variables

# automatic
<D = $(patsubst %/,%,$(dir $<))
# automatic
?F = $(notdir $?)
# environment
QTMSBUILD = C:\Users\21040\AppData\Local\QtMsBuild
# default
.SHELLFLAGS := -c
# makefile
MAKEFLAGS = Rrqp
# environment
VSCODE_LOG_NATIVE = false
# automatic
?D = $(patsubst %/,%,$(dir $?))
# automatic
@D = $(patsubst %/,%,$(dir $@))
# environment
HOMEDRIVE = C:
# automatic
@F = $(notdir $@)
# automatic
^D = $(patsubst %/,%,$(dir $^))
# makefile
CURDIR := d:/ytm/whome/Pascal-Complier
# default
SHELL := sh.exe
# environment
WINDIR = C:\Windows
# environment
VSCODE_NLS_CONFIG = {"locale":"zh-cn","availableLanguages":{},"_languagePackSupport":true}
# environment
PYCHARM COMMUNITY EDITION = D:\app\PyCharm Community Edition 2020.2.3\bin;
# environment
ONEDRIVE = C:\Users\21040\OneDrive
# environment
XILINXD_LICENSE_FILE = D:\ytm\ISE_License\xilinx_ise.lic
# environment
PATHEXT = .COM;.EXE;.BAT;.CMD;.VBS;.VBE;.JS;.JSE;.WSF;.WSH;.MSC;.PY;.PYW
# makefile
MAKEFILE_LIST := 
# environment
FPS_BROWSER_USER_PROFILE_STRING = Default
# environment
TMP = C:\Users\21040\AppData\Local\Temp
# environment
VSCODE_VERBOSE_LOGGING = true
# environment
PROGRAMW6432 = C:\Program Files
# environment
PROGRAMDATA = C:\ProgramData
# environment
VSCODE_IPC_HOOK_EXTHOST = \\.\pipe\vscode-ipc-0af0e53e-5055-411e-8ed2-cf4fa4910730-sock
# environment
VSCODE_CWD = D:\app\Microsoft VS Code
# environment
PATH = C:\Program Files\Common Files\Oracle\Java\javapath;D:\app\vm\bin\;C:\Program Files\PlasticSCM5\server;C:\Program Files\PlasticSCM5\client;D:\app\moss\site\bin;D:\app\moss\bin;D:\python\Scripts\;D:\python\;C:\Windows\system32;C:\Windows;C:\Windows\System32\Wbem;C:\Windows\System32\WindowsPowerShell\v1.0\;C:\Windows\System32\OpenSSH\;D:\app\Git\cmd;D:\app\Microsoft VS Code\Code.exe;D:\app\opencv\build\bin;D:\app\java\bin;C:\Program Files\MySQL\MySQL Server 8.0\bin;D:\app\opencv\build\x64\vc15\bin;D:\app\mingw\mingw64\bin;D:\app\LLVM\bin;C:\Program Files\dotnet\;D:\app\cmake\bin;D:\app\Anaconda;D:\app\Anaconda\Scripts;D:\app\Anaconda\Library\bin;C:\Program Files\Google\Chrome\Application;D:\app\Fcc3.2.2\bin\i386-Win32;C:\Program Files\MySQL\MySQL Shell 8.0\bin\;C:\Users\21040\AppData\Local\Microsoft\WindowsApps;%PyCharm%;%PyCharm Edu%;D:\app\PyCharm Community Edition 2020.2.3\bin;;D:\app\LaTeX\texlive\2020\bin\win32;D:\app\bandzip\;D:\Dev-Cpp\MinGW64\bin;D:\Dev-Cpp\MinGW64\x86_64-w64-mingw32\bin;D:\app\Microsoft VS Code\bin;C:\Users\21040\AppData\Local\GitHubDesktop\bin;C:\Users\21040\AppData\Roaming\npm;D:\app\DataGrip\bin;;D:\app\iverilog\bin;D:\app\iverilog\gtkwave\bin;C:\Users\21040\.dotnet\tools;D:\app\Mysql\bin;
# environment
LM_LICENSE_FILE = D:\ytm\ISE_License\xilinx_ise.lic
# environment
COMMONPROGRAMW6432 = C:\Program Files\Common Files
# environment
PROCESSOR_ARCHITECTURE = x86
# environment
USERPROFILE = C:\Users\21040
# environment
ALLUSERSPROFILE = C:\ProgramData
# environment
VSCODE_LOG_STACK = false
# environment
NUMBER_OF_PROCESSORS = 16
# environment
ELECTRON_RUN_AS_NODE = 1
# default
.FEATURES := target-specific order-only second-expansion else-if shortest-stem undefine archives
# automatic
%F = $(notdir $%)
# environment
CHROME_CRASHPAD_PIPE_NAME = \\.\pipe\crashpad_20664_RFHEKLCFLXMZMKCX
# environment
VSCODE_PIPE_LOGGING = true
# environment
COMPUTERNAME = YTM-STUDY
# environment
PROGRAMFILES = C:\Program Files (x86)
# environment
DRIVERDATA = C:\Windows\System32\Drivers\DriverData
# environment
ASL.LOG = Destination=file
# environment
ORIGINAL_XDG_CURRENT_DESKTOP = undefined
# environment
USERNAME = 21040
# environment
PUBLIC = C:\Users\Public
# environment
VSCODE_AMD_ENTRYPOINT = vs/workbench/api/node/extensionHostProcess
# environment
VSCODE_CODE_CACHE_PATH = C:\Users\21040\AppData\Roaming\Code\CachedData\da15b6fd3ef856477bf6f4fb29ba1b7af717770d
# environment
APPLICATION_INSIGHTS_NO_DIAGNOSTIC_CHANNEL = 1
# environment
COMMONPROGRAMFILES = C:\Program Files (x86)\Common Files
# environment
LOGONSERVER = \\YTM-STUDY
# environment
ONEDRIVECONSUMER = C:\Users\21040\OneDrive
# environment
VSCODE_HANDLES_UNCAUGHT_ERRORS = true
# environment
USERDOMAIN = YTM-STUDY
# environment
MAKELEVEL := 0
# default
MAKE = $(MAKE_COMMAND)
# default
MAKECMDGOALS := all
# default
MAKE_VERSION := 3.82
# makefile
.DEFAULT_GOAL := 
# environment
PROGRAMFILES(X86) = C:\Program Files (x86)
# automatic
%D = $(patsubst %/,%,$(dir $%))
# environment
LOCALAPPDATA = C:\Users\21040\AppData\Local
# environment
PSMODULEPATH = C:\Program Files\WindowsPowerShell\Modules;C:\Windows\system32\WindowsPowerShell\v1.0\Modules
# default
MAKE_COMMAND := make.exe
# environment
PROCESSOR_ARCHITEW6432 = AMD64
# default
.VARIABLES := 
# automatic
*F = $(notdir $*)
# environment
PROCESSOR_IDENTIFIER = AMD64 Family 23 Model 96 Stepping 1, AuthenticAMD
# environment
OS = Windows_NT
# environment
VSCODE_IPC_HOOK = \\.\pipe\0a21f907b2505e48e474a709a7fecce7-1.67.1-main-sock
# environment
HOMEPATH = \Users\21040
# environment
COMMONPROGRAMFILES(X86) = C:\Program Files (x86)\Common Files
# environment
PROMPT = $P$G
# environment
MFLAGS = -Rrqp
# automatic
*D = $(patsubst %/,%,$(dir $*))
# environment
SYSTEMROOT = C:\Windows
# automatic
+D = $(patsubst %/,%,$(dir $+))
# automatic
+F = $(notdir $+)
# environment
APPDATA = C:\Users\21040\AppData\Roaming
# environment
TEMP = C:\Users\21040\AppData\Local\Temp
# environment
COMSPEC = C:\Windows\system32\cmd.exe
# default
MAKEFILES := 
# automatic
<F = $(notdir $<)
# environment
VS160COMCOMNTOOLS = D:\app\visual stdio\IDE\Common7\Tools\
# environment
DXSDK_DIR = D:\app\DirectX\
# environment
LC_ALL = C
# environment
DATAGRIP = D:\app\DataGrip\bin;
# automatic
^F = $(notdir $^)
# default
SUFFIXES := 
# environment
SYSTEMDRIVE = C:
# environment
SESSIONNAME = Console
# environment
PROCESSOR_REVISION = 6001
# default
.RECIPEPREFIX := 
# environment
LANG = C
# environment
PROCESSOR_LEVEL = 23
# environment
FPS_BROWSER_APP_PROFILE_STRING = Internet Explorer
# environment
VSCODE_PID = 20664
# environment
NO_XILINX_DATA_LICENSE = HIDDEN
# environment
USERDOMAIN_ROAMINGPROFILE = YTM-STUDY
# variable set hash-table stats:
# Load=100/1024=10%, Rehash=0, Collisions=11/115=10%

# Pattern-specific Variable Values

# No pattern-specific variable values.

# Directories

# \app\iverilog\bin;D: could not be stat'd.
# \app\iverilog\gtkwave\bin;C: could not be stat'd.
# \python\;C: could not be stat'd.
# \app\mingw\mingw64\bin;D: could not be stat'd.
# \app\vm\bin\;C: could not be stat'd.
# \app\java\bin;C: could not be stat'd.
# \app\Mysql\bin;: could not be stat'd.
# \app\LaTeX\texlive\2020\bin\win32;D: could not be stat'd.
# . (key d:/ytm/whome/Pascal-Complier, mtime 1652786949): 10 files, no impossibilities.
# \app\DataGrip\bin;;D: could not be stat'd.
# \Windows;C: could not be stat'd.
# \app\cmake\bin;D: could not be stat'd.
# \app\Fcc3.2.2\bin\i386-Win32;C: could not be stat'd.
# C: could not be stat'd.
# \Program Files\Google\Chrome\Application;D: could not be stat'd.
# \Program Files\Common Files\Oracle\Java\javapath;D: could not be stat'd.
# \Users\21040\AppData\Local\Microsoft\WindowsApps;%PyCharm%;%PyCharm Edu%;D: could not be stat'd.
# \Windows\System32\Wbem;C: could not be stat'd.
# \Dev-Cpp\MinGW64\x86_64-w64-mingw32\bin;D: could not be stat'd.
# \Program Files\dotnet\;D: could not be stat'd.
# \app\Microsoft VS Code\bin;C: could not be stat'd.
# \Program Files\PlasticSCM5\server;C: could not be stat'd.
# \Users\21040\AppData\Roaming\npm;D: could not be stat'd.
# \Program Files\PlasticSCM5\client;D: could not be stat'd.
# \app\PyCharm Community Edition 2020.2.3\bin;;D: could not be stat'd.
# \Dev-Cpp\MinGW64\bin;D: could not be stat'd.
# \Program Files\MySQL\MySQL Server 8.0\bin;D: could not be stat'd.
# \app\LLVM\bin;C: could not be stat'd.
# \app\Git\cmd;D: could not be stat'd.
# \Windows\system32;C: could not be stat'd.
# \app\Anaconda;D: could not be stat'd.
# \python\Scripts\;D: could not be stat'd.
# \app\Anaconda\Scripts;D: could not be stat'd.
# \Users\21040\.dotnet\tools;D: could not be stat'd.
# \app\Microsoft VS Code\Code.exe;D: could not be stat'd.
# \Users\21040\AppData\Local\GitHubDesktop\bin;C: could not be stat'd.
# \Windows\System32\WindowsPowerShell\v1.0\;C: could not be stat'd.
# \app\Anaconda\Library\bin;C: could not be stat'd.
# \app\moss\site\bin;D: could not be stat'd.
# \Windows\System32\OpenSSH\;D: could not be stat'd.
# \app\opencv\build\x64\vc15\bin;D: could not be stat'd.
# \app\bandzip\;D: could not be stat'd.
# \app\opencv\build\bin;D: could not be stat'd.
# \app\moss\bin;D: could not be stat'd.
# \Program Files\MySQL\MySQL Shell 8.0\bin\;C: could not be stat'd.

# 10 files, no impossibilities in 45 directories.

# Implicit Rules

# No implicit rules.

# Files

# Not a target:
all:
#  Command line target.
#  Implicit rule search has been done.
#  File does not exist.
#  File has not been updated.

# Not a target:
.SUFFIXES:
#  Implicit rule search has not been done.
#  Modification time never checked.
#  File has not been updated.

# Not a target:
Makefile:
#  Implicit rule search has been done.
#  File does not exist.
#  File has been updated.
#  Failed to be updated.

# Not a target:
makefile:
#  Implicit rule search has been done.
#  File does not exist.
#  File has been updated.
#  Failed to be updated.

# Not a target:
.DEFAULT:
#  Implicit rule search has not been done.
#  Modification time never checked.
#  File has not been updated.

# Not a target:
GNUmakefile:
#  Implicit rule search has been done.
#  File does not exist.
#  File has been updated.
#  Failed to be updated.

# files hash-table stats:
# Load=6/1024=1%, Rehash=0, Collisions=0/15=0%
# VPATH Search Paths

# No `vpa 
make.exe: *** No rule to make target `all'.  Stop.

th' search paths.

# No general (`VPATH' variable) search path.

# # of strings in strcache: 0 / lookups = 62 / hits = 62
# # of strcache buffers: 1 (* 8176 B/buffer = 8176 B)
# strcache used: total = 0 (1359) / max = 0 / min = 8176 / avg = 0
# strcache free: total = 0 (6817) / max = 0 / min = 8176 / avg = 0

# strcache hash-table stats:
# Load=60/8192=1%, Rehash=0, Collisions=1/62=2%
# Finished Make data base on Wed May 18 11:46:49 2022

 
